Analysis & Synthesis report for CPU_ON_FPGA
Mon Oct 17 16:47:59 2022
Quartus Prime Version 16.1.0 Build 196 10/24/2016 SJ Lite Edition


---------------------
; Table of Contents ;
---------------------
  1. Legal Notice
  2. Analysis & Synthesis Summary
  3. Analysis & Synthesis Settings
  4. Parallel Compilation
  5. Analysis & Synthesis Source Files Read
  6. Analysis & Synthesis Resource Usage Summary
  7. Analysis & Synthesis Resource Utilization by Entity
  8. User-Specified and Inferred Latches
  9. General Register Statistics
 10. Multiplexer Restructuring Statistics (Restructuring Performed)
 11. Post-Synthesis Netlist Statistics for Top Partition
 12. Elapsed Time Per Partition
 13. Analysis & Synthesis Messages



----------------
; Legal Notice ;
----------------
Copyright (C) 2016  Intel Corporation. All rights reserved.
Your use of Intel Corporation's design tools, logic functions 
and other software and tools, and its AMPP partner logic 
functions, and any output files from any of the foregoing 
(including device programming or simulation files), and any 
associated documentation or information are expressly subject 
to the terms and conditions of the Intel Program License 
Subscription Agreement, the Intel Quartus Prime License Agreement,
the Intel MegaCore Function License Agreement, or other 
applicable license agreement, including, without limitation, 
that your use is for the sole purpose of programming logic 
devices manufactured by Intel and sold by Intel or its 
authorized distributors.  Please refer to the applicable 
agreement for further details.



+-------------------------------------------------------------------------------+
; Analysis & Synthesis Summary                                                  ;
+---------------------------------+---------------------------------------------+
; Analysis & Synthesis Status     ; Successful - Mon Oct 17 16:47:59 2022       ;
; Quartus Prime Version           ; 16.1.0 Build 196 10/24/2016 SJ Lite Edition ;
; Revision Name                   ; CPU_ON_FPGA                                 ;
; Top-level Entity Name           ; microaddress_counter                        ;
; Family                          ; Cyclone V                                   ;
; Logic utilization (in ALMs)     ; N/A                                         ;
; Total registers                 ; 57                                          ;
; Total pins                      ; 40                                          ;
; Total virtual pins              ; 0                                           ;
; Total block memory bits         ; 0                                           ;
; Total DSP Blocks                ; 0                                           ;
; Total HSSI RX PCSs              ; 0                                           ;
; Total HSSI PMA RX Deserializers ; 0                                           ;
; Total HSSI TX PCSs              ; 0                                           ;
; Total HSSI PMA TX Serializers   ; 0                                           ;
; Total PLLs                      ; 0                                           ;
; Total DLLs                      ; 0                                           ;
+---------------------------------+---------------------------------------------+


+-----------------------------------------------------------------------------------------------------------------------------+
; Analysis & Synthesis Settings                                                                                               ;
+---------------------------------------------------------------------------------+----------------------+--------------------+
; Option                                                                          ; Setting              ; Default Value      ;
+---------------------------------------------------------------------------------+----------------------+--------------------+
; Device                                                                          ; 5CGXFC7C7F23C8       ;                    ;
; Top-level entity name                                                           ; microaddress_counter ; CPU_ON_FPGA        ;
; Family name                                                                     ; Cyclone V            ; Cyclone V          ;
; Use smart compilation                                                           ; Off                  ; Off                ;
; Enable parallel Assembler and TimeQuest Timing Analyzer during compilation      ; On                   ; On                 ;
; Enable compact report table                                                     ; Off                  ; Off                ;
; Restructure Multiplexers                                                        ; Auto                 ; Auto               ;
; MLAB Add Timing Constraints For Mixed-Port Feed-Through Mode Setting Don't Care ; Off                  ; Off                ;
; Create Debugging Nodes for IP Cores                                             ; Off                  ; Off                ;
; Preserve fewer node names                                                       ; On                   ; On                 ;
; OpenCore Plus hardware evaluation                                               ; Enable               ; Enable             ;
; Verilog Version                                                                 ; Verilog_2001         ; Verilog_2001       ;
; VHDL Version                                                                    ; VHDL_1993            ; VHDL_1993          ;
; State Machine Processing                                                        ; Auto                 ; Auto               ;
; Safe State Machine                                                              ; Off                  ; Off                ;
; Extract Verilog State Machines                                                  ; On                   ; On                 ;
; Extract VHDL State Machines                                                     ; On                   ; On                 ;
; Ignore Verilog initial constructs                                               ; Off                  ; Off                ;
; Iteration limit for constant Verilog loops                                      ; 5000                 ; 5000               ;
; Iteration limit for non-constant Verilog loops                                  ; 250                  ; 250                ;
; Add Pass-Through Logic to Inferred RAMs                                         ; On                   ; On                 ;
; Infer RAMs from Raw Logic                                                       ; On                   ; On                 ;
; Parallel Synthesis                                                              ; On                   ; On                 ;
; DSP Block Balancing                                                             ; Auto                 ; Auto               ;
; NOT Gate Push-Back                                                              ; On                   ; On                 ;
; Power-Up Don't Care                                                             ; On                   ; On                 ;
; Remove Redundant Logic Cells                                                    ; Off                  ; Off                ;
; Remove Duplicate Registers                                                      ; On                   ; On                 ;
; Ignore CARRY Buffers                                                            ; Off                  ; Off                ;
; Ignore CASCADE Buffers                                                          ; Off                  ; Off                ;
; Ignore GLOBAL Buffers                                                           ; Off                  ; Off                ;
; Ignore ROW GLOBAL Buffers                                                       ; Off                  ; Off                ;
; Ignore LCELL Buffers                                                            ; Off                  ; Off                ;
; Ignore SOFT Buffers                                                             ; On                   ; On                 ;
; Limit AHDL Integers to 32 Bits                                                  ; Off                  ; Off                ;
; Optimization Technique                                                          ; Balanced             ; Balanced           ;
; Carry Chain Length                                                              ; 70                   ; 70                 ;
; Auto Carry Chains                                                               ; On                   ; On                 ;
; Auto Open-Drain Pins                                                            ; On                   ; On                 ;
; Perform WYSIWYG Primitive Resynthesis                                           ; Off                  ; Off                ;
; Auto ROM Replacement                                                            ; On                   ; On                 ;
; Auto RAM Replacement                                                            ; On                   ; On                 ;
; Auto DSP Block Replacement                                                      ; On                   ; On                 ;
; Auto Shift Register Replacement                                                 ; Auto                 ; Auto               ;
; Allow Shift Register Merging across Hierarchies                                 ; Auto                 ; Auto               ;
; Auto Clock Enable Replacement                                                   ; On                   ; On                 ;
; Strict RAM Replacement                                                          ; Off                  ; Off                ;
; Allow Synchronous Control Signals                                               ; On                   ; On                 ;
; Force Use of Synchronous Clear Signals                                          ; Off                  ; Off                ;
; Auto Resource Sharing                                                           ; Off                  ; Off                ;
; Allow Any RAM Size For Recognition                                              ; Off                  ; Off                ;
; Allow Any ROM Size For Recognition                                              ; Off                  ; Off                ;
; Allow Any Shift Register Size For Recognition                                   ; Off                  ; Off                ;
; Use LogicLock Constraints during Resource Balancing                             ; On                   ; On                 ;
; Ignore translate_off and synthesis_off directives                               ; Off                  ; Off                ;
; Timing-Driven Synthesis                                                         ; On                   ; On                 ;
; Report Parameter Settings                                                       ; On                   ; On                 ;
; Report Source Assignments                                                       ; On                   ; On                 ;
; Report Connectivity Checks                                                      ; On                   ; On                 ;
; Ignore Maximum Fan-Out Assignments                                              ; Off                  ; Off                ;
; Synchronization Register Chain Length                                           ; 3                    ; 3                  ;
; PowerPlay Power Optimization During Synthesis                                   ; Normal compilation   ; Normal compilation ;
; HDL message level                                                               ; Level2               ; Level2             ;
; Suppress Register Optimization Related Messages                                 ; Off                  ; Off                ;
; Number of Removed Registers Reported in Synthesis Report                        ; 5000                 ; 5000               ;
; Number of Swept Nodes Reported in Synthesis Report                              ; 5000                 ; 5000               ;
; Number of Inverted Registers Reported in Synthesis Report                       ; 100                  ; 100                ;
; Clock MUX Protection                                                            ; On                   ; On                 ;
; Auto Gated Clock Conversion                                                     ; Off                  ; Off                ;
; Block Design Naming                                                             ; Auto                 ; Auto               ;
; SDC constraint protection                                                       ; Off                  ; Off                ;
; Synthesis Effort                                                                ; Auto                 ; Auto               ;
; Shift Register Replacement - Allow Asynchronous Clear Signal                    ; On                   ; On                 ;
; Pre-Mapping Resynthesis Optimization                                            ; Off                  ; Off                ;
; Analysis & Synthesis Message Level                                              ; Medium               ; Medium             ;
; Disable Register Merging Across Hierarchies                                     ; Auto                 ; Auto               ;
; Resource Aware Inference For Block RAM                                          ; On                   ; On                 ;
; Automatic Parallel Synthesis                                                    ; On                   ; On                 ;
; Partial Reconfiguration Bitstream ID                                            ; Off                  ; Off                ;
+---------------------------------------------------------------------------------+----------------------+--------------------+


+------------------------------------------+
; Parallel Compilation                     ;
+----------------------------+-------------+
; Processors                 ; Number      ;
+----------------------------+-------------+
; Number detected on machine ; 4           ;
; Maximum allowed            ; 2           ;
;                            ;             ;
; Average used               ; 1.00        ;
; Maximum used               ; 2           ;
;                            ;             ;
; Usage by Processor         ; % Time Used ;
;     Processor 1            ; 100.0%      ;
;     Processor 2            ;   0.0%      ;
+----------------------------+-------------+


+-----------------------------------------------------------------------------------------------------------------------------------------+
; Analysis & Synthesis Source Files Read                                                                                                  ;
+----------------------------------+-----------------+-----------------+--------------------------------------------------------+---------+
; File Name with User-Entered Path ; Used in Netlist ; File Type       ; File Name with Absolute Path                           ; Library ;
+----------------------------------+-----------------+-----------------+--------------------------------------------------------+---------+
; microaddress_counter.vhd         ; yes             ; User VHDL File  ; E:/AlteraPrj/VHDL/CPU_ON_FPGA/microaddress_counter.vhd ;         ;
; microaddr_types.vhd              ; yes             ; User VHDL File  ; E:/AlteraPrj/VHDL/CPU_ON_FPGA/microaddr_types.vhd      ;         ;
; register_types.vhd               ; yes             ; User VHDL File  ; E:/AlteraPrj/VHDL/CPU_ON_FPGA/register_types.vhd       ;         ;
+----------------------------------+-----------------+-----------------+--------------------------------------------------------+---------+


+---------------------------------------------------------+
; Analysis & Synthesis Resource Usage Summary             ;
+---------------------------------------------+-----------+
; Resource                                    ; Usage     ;
+---------------------------------------------+-----------+
; Estimate of Logic utilization (ALMs needed) ; 66        ;
;                                             ;           ;
; Combinational ALUT usage for logic          ; 102       ;
;     -- 7 input functions                    ; 1         ;
;     -- 6 input functions                    ; 28        ;
;     -- 5 input functions                    ; 2         ;
;     -- 4 input functions                    ; 12        ;
;     -- <=3 input functions                  ; 59        ;
;                                             ;           ;
; Dedicated logic registers                   ; 57        ;
;                                             ;           ;
; I/O pins                                    ; 40        ;
;                                             ;           ;
; Total DSP Blocks                            ; 0         ;
;                                             ;           ;
; Maximum fan-out node                        ; clk~input ;
; Maximum fan-out                             ; 57        ;
; Total fan-out                               ; 573       ;
; Average fan-out                             ; 2.40      ;
+---------------------------------------------+-----------+


+---------------------------------------------------------------------------------------------------------------------------------------------------------------------------------------------------+
; Analysis & Synthesis Resource Utilization by Entity                                                                                                                                               ;
+----------------------------+---------------------+---------------------------+-------------------+------------+------+--------------+-----------------------+----------------------+--------------+
; Compilation Hierarchy Node ; Combinational ALUTs ; Dedicated Logic Registers ; Block Memory Bits ; DSP Blocks ; Pins ; Virtual Pins ; Full Hierarchy Name   ; Entity Name          ; Library Name ;
+----------------------------+---------------------+---------------------------+-------------------+------------+------+--------------+-----------------------+----------------------+--------------+
; |microaddress_counter      ; 102 (102)           ; 57 (57)                   ; 0                 ; 0          ; 40   ; 0            ; |microaddress_counter ; microaddress_counter ; work         ;
+----------------------------+---------------------+---------------------------+-------------------+------------+------+--------------+-----------------------+----------------------+--------------+
Note: For table entries with two numbers listed, the numbers in parentheses indicate the number of resources of the given type used by the specific entity alone. The numbers listed outside of parentheses indicate the total resources of the given type used by the specific entity and all of its sub-entities in the hierarchy.


+-------------------------------------------------------------------------------------------------------+
; User-Specified and Inferred Latches                                                                   ;
+-----------------------------------------------------+------------------------+------------------------+
; Latch Name                                          ; Latch Enable Signal    ; Free of Timing Hazards ;
+-----------------------------------------------------+------------------------+------------------------+
; next_call_stack_ptr[1]                              ; next_call_stack_ptr[0] ; yes                    ;
; next_call_stack_ptr[0]                              ; next_call_stack_ptr[0] ; yes                    ;
; next_call_stack[0][0]                               ; Decoder0               ; yes                    ;
; next_call_stack[1][0]                               ; Decoder0               ; yes                    ;
; next_call_stack[2][0]                               ; Decoder0               ; yes                    ;
; next_call_stack[3][0]                               ; Decoder0               ; yes                    ;
; next_call_stack[0][1]                               ; Decoder0               ; yes                    ;
; next_call_stack[1][1]                               ; Decoder0               ; yes                    ;
; next_call_stack[2][1]                               ; Decoder0               ; yes                    ;
; next_call_stack[3][1]                               ; Decoder0               ; yes                    ;
; next_call_stack[0][2]                               ; Decoder0               ; yes                    ;
; next_call_stack[1][2]                               ; Decoder0               ; yes                    ;
; next_call_stack[2][2]                               ; Decoder0               ; yes                    ;
; next_call_stack[3][2]                               ; Decoder0               ; yes                    ;
; next_call_stack[0][3]                               ; Decoder0               ; yes                    ;
; next_call_stack[1][3]                               ; Decoder0               ; yes                    ;
; next_call_stack[2][3]                               ; Decoder0               ; yes                    ;
; next_call_stack[3][3]                               ; Decoder0               ; yes                    ;
; next_call_stack[0][4]                               ; Decoder0               ; yes                    ;
; next_call_stack[1][4]                               ; Decoder0               ; yes                    ;
; next_call_stack[2][4]                               ; Decoder0               ; yes                    ;
; next_call_stack[3][4]                               ; Decoder0               ; yes                    ;
; next_call_stack[0][5]                               ; Decoder0               ; yes                    ;
; next_call_stack[1][5]                               ; Decoder0               ; yes                    ;
; next_call_stack[2][5]                               ; Decoder0               ; yes                    ;
; next_call_stack[3][5]                               ; Decoder0               ; yes                    ;
; next_call_stack[0][6]                               ; Decoder0               ; yes                    ;
; next_call_stack[1][6]                               ; Decoder0               ; yes                    ;
; next_call_stack[2][6]                               ; Decoder0               ; yes                    ;
; next_call_stack[3][6]                               ; Decoder0               ; yes                    ;
; next_call_stack[0][7]                               ; Decoder0               ; yes                    ;
; next_call_stack[1][7]                               ; Decoder0               ; yes                    ;
; next_call_stack[2][7]                               ; Decoder0               ; yes                    ;
; next_call_stack[3][7]                               ; Decoder0               ; yes                    ;
; next_call_stack[0][8]                               ; Decoder0               ; yes                    ;
; next_call_stack[1][8]                               ; Decoder0               ; yes                    ;
; next_call_stack[2][8]                               ; Decoder0               ; yes                    ;
; next_call_stack[3][8]                               ; Decoder0               ; yes                    ;
; next_call_stack[0][9]                               ; Decoder0               ; yes                    ;
; next_call_stack[1][9]                               ; Decoder0               ; yes                    ;
; next_call_stack[2][9]                               ; Decoder0               ; yes                    ;
; next_call_stack[3][9]                               ; Decoder0               ; yes                    ;
; next_call_stack[0][10]                              ; Decoder0               ; yes                    ;
; next_call_stack[1][10]                              ; Decoder0               ; yes                    ;
; next_call_stack[2][10]                              ; Decoder0               ; yes                    ;
; next_call_stack[3][10]                              ; Decoder0               ; yes                    ;
; Number of user-specified and inferred latches = 46  ;                        ;                        ;
+-----------------------------------------------------+------------------------+------------------------+
Note: All latches listed above may not be present at the end of synthesis due to various synthesis optimizations.


+------------------------------------------------------+
; General Register Statistics                          ;
+----------------------------------------------+-------+
; Statistic                                    ; Value ;
+----------------------------------------------+-------+
; Total registers                              ; 57    ;
; Number of registers using Synchronous Clear  ; 0     ;
; Number of registers using Synchronous Load   ; 0     ;
; Number of registers using Asynchronous Clear ; 0     ;
; Number of registers using Asynchronous Load  ; 0     ;
; Number of registers using Clock Enable       ; 11    ;
; Number of registers using Preset             ; 0     ;
+----------------------------------------------+-------+


+--------------------------------------------------------------------------------------------------------------------------------------------------+
; Multiplexer Restructuring Statistics (Restructuring Performed)                                                                                   ;
+--------------------+-----------+---------------+----------------------+------------------------+------------+------------------------------------+
; Multiplexer Inputs ; Bus Width ; Baseline Area ; Area if Restructured ; Saving if Restructured ; Registered ; Example Multiplexer Output         ;
+--------------------+-----------+---------------+----------------------+------------------------+------------+------------------------------------+
; 12:1               ; 4 bits    ; 32 LEs        ; 20 LEs               ; 12 LEs                 ; Yes        ; |microaddress_counter|addr[2]~reg0 ;
; 12:1               ; 7 bits    ; 56 LEs        ; 35 LEs               ; 21 LEs                 ; Yes        ; |microaddress_counter|addr[0]~reg0 ;
+--------------------+-----------+---------------+----------------------+------------------------+------------+------------------------------------+


+-----------------------------------------------------+
; Post-Synthesis Netlist Statistics for Top Partition ;
+-----------------------+-----------------------------+
; Type                  ; Count                       ;
+-----------------------+-----------------------------+
; arriav_ff             ; 57                          ;
;     ENA               ; 11                          ;
;     plain             ; 46                          ;
; arriav_lcell_comb     ; 102                         ;
;     arith             ; 11                          ;
;         1 data inputs ; 11                          ;
;     extend            ; 1                           ;
;         7 data inputs ; 1                           ;
;     normal            ; 90                          ;
;         2 data inputs ; 1                           ;
;         3 data inputs ; 47                          ;
;         4 data inputs ; 12                          ;
;         5 data inputs ; 2                           ;
;         6 data inputs ; 28                          ;
; boundary_port         ; 40                          ;
;                       ;                             ;
; Max LUT depth         ; 3.00                        ;
; Average LUT depth     ; 2.22                        ;
+-----------------------+-----------------------------+


+-------------------------------+
; Elapsed Time Per Partition    ;
+----------------+--------------+
; Partition Name ; Elapsed Time ;
+----------------+--------------+
; Top            ; 00:00:00     ;
+----------------+--------------+


+-------------------------------+
; Analysis & Synthesis Messages ;
+-------------------------------+
Info: *******************************************************************
Info: Running Quartus Prime Analysis & Synthesis
    Info: Version 16.1.0 Build 196 10/24/2016 SJ Lite Edition
    Info: Processing started: Mon Oct 17 16:47:41 2022
Info: Command: quartus_map --read_settings_files=on --write_settings_files=off CPU_ON_FPGA -c CPU_ON_FPGA
Warning (18236): Number of processors has not been specified which may cause overloading on shared machines.  Set the global assignment NUM_PARALLEL_PROCESSORS in your QSF to an appropriate value for best performance.
Info (20030): Parallel compilation is enabled and will use 2 of the 2 processors detected
Info (12021): Found 2 design units, including 1 entities, in source file microaddress_counter.vhd
    Info (12022): Found design unit 1: microaddress_counter-arch_of_micaddr_counter File: E:/AlteraPrj/VHDL/CPU_ON_FPGA/microaddress_counter.vhd Line: 21
    Info (12023): Found entity 1: microaddress_counter File: E:/AlteraPrj/VHDL/CPU_ON_FPGA/microaddress_counter.vhd Line: 9
Info (12021): Found 1 design units, including 0 entities, in source file microaddr_types.vhd
    Info (12022): Found design unit 1: microaddr_types File: E:/AlteraPrj/VHDL/CPU_ON_FPGA/microaddr_types.vhd Line: 2
Info (12021): Found 1 design units, including 0 entities, in source file register_types.vhd
    Info (12022): Found design unit 1: register_types File: E:/AlteraPrj/VHDL/CPU_ON_FPGA/register_types.vhd Line: 6
Info (12127): Elaborating entity "microaddress_counter" for the top level hierarchy
Warning (10492): VHDL Process Statement warning at microaddress_counter.vhd(47): signal "addr" is read inside the Process Statement but isn't in the Process Statement's sensitivity list File: E:/AlteraPrj/VHDL/CPU_ON_FPGA/microaddress_counter.vhd Line: 47
Warning (10492): VHDL Process Statement warning at microaddress_counter.vhd(49): signal "addr" is read inside the Process Statement but isn't in the Process Statement's sensitivity list File: E:/AlteraPrj/VHDL/CPU_ON_FPGA/microaddress_counter.vhd Line: 49
Warning (10492): VHDL Process Statement warning at microaddress_counter.vhd(51): signal "call_stack" is read inside the Process Statement but isn't in the Process Statement's sensitivity list File: E:/AlteraPrj/VHDL/CPU_ON_FPGA/microaddress_counter.vhd Line: 51
Warning (10492): VHDL Process Statement warning at microaddress_counter.vhd(51): signal "call_stack_ptr" is read inside the Process Statement but isn't in the Process Statement's sensitivity list File: E:/AlteraPrj/VHDL/CPU_ON_FPGA/microaddress_counter.vhd Line: 51
Warning (10492): VHDL Process Statement warning at microaddress_counter.vhd(52): signal "call_stack_ptr" is read inside the Process Statement but isn't in the Process Statement's sensitivity list File: E:/AlteraPrj/VHDL/CPU_ON_FPGA/microaddress_counter.vhd Line: 52
Warning (10492): VHDL Process Statement warning at microaddress_counter.vhd(54): signal "opjump_table" is read inside the Process Statement but isn't in the Process Statement's sensitivity list File: E:/AlteraPrj/VHDL/CPU_ON_FPGA/microaddress_counter.vhd Line: 54
Warning (10492): VHDL Process Statement warning at microaddress_counter.vhd(59): signal "call_stack_ptr" is read inside the Process Statement but isn't in the Process Statement's sensitivity list File: E:/AlteraPrj/VHDL/CPU_ON_FPGA/microaddress_counter.vhd Line: 59
Warning (10492): VHDL Process Statement warning at microaddress_counter.vhd(60): signal "addr" is read inside the Process Statement but isn't in the Process Statement's sensitivity list File: E:/AlteraPrj/VHDL/CPU_ON_FPGA/microaddress_counter.vhd Line: 60
Warning (10492): VHDL Process Statement warning at microaddress_counter.vhd(60): signal "call_stack_ptr" is read inside the Process Statement but isn't in the Process Statement's sensitivity list File: E:/AlteraPrj/VHDL/CPU_ON_FPGA/microaddress_counter.vhd Line: 60
Warning (10492): VHDL Process Statement warning at microaddress_counter.vhd(64): signal "addr" is read inside the Process Statement but isn't in the Process Statement's sensitivity list File: E:/AlteraPrj/VHDL/CPU_ON_FPGA/microaddress_counter.vhd Line: 64
Warning (10492): VHDL Process Statement warning at microaddress_counter.vhd(67): signal "addr" is read inside the Process Statement but isn't in the Process Statement's sensitivity list File: E:/AlteraPrj/VHDL/CPU_ON_FPGA/microaddress_counter.vhd Line: 67
Warning (10631): VHDL Process Statement warning at microaddress_counter.vhd(40): inferring latch(es) for signal or variable "next_call_stack_ptr", which holds its previous value in one or more paths through the process File: E:/AlteraPrj/VHDL/CPU_ON_FPGA/microaddress_counter.vhd Line: 40
Warning (10631): VHDL Process Statement warning at microaddress_counter.vhd(40): inferring latch(es) for signal or variable "next_call_stack", which holds its previous value in one or more paths through the process File: E:/AlteraPrj/VHDL/CPU_ON_FPGA/microaddress_counter.vhd Line: 40
Info (10041): Inferred latch for "next_call_stack[3][0]" at microaddress_counter.vhd(40) File: E:/AlteraPrj/VHDL/CPU_ON_FPGA/microaddress_counter.vhd Line: 40
Info (10041): Inferred latch for "next_call_stack[3][1]" at microaddress_counter.vhd(40) File: E:/AlteraPrj/VHDL/CPU_ON_FPGA/microaddress_counter.vhd Line: 40
Info (10041): Inferred latch for "next_call_stack[3][2]" at microaddress_counter.vhd(40) File: E:/AlteraPrj/VHDL/CPU_ON_FPGA/microaddress_counter.vhd Line: 40
Info (10041): Inferred latch for "next_call_stack[3][3]" at microaddress_counter.vhd(40) File: E:/AlteraPrj/VHDL/CPU_ON_FPGA/microaddress_counter.vhd Line: 40
Info (10041): Inferred latch for "next_call_stack[3][4]" at microaddress_counter.vhd(40) File: E:/AlteraPrj/VHDL/CPU_ON_FPGA/microaddress_counter.vhd Line: 40
Info (10041): Inferred latch for "next_call_stack[3][5]" at microaddress_counter.vhd(40) File: E:/AlteraPrj/VHDL/CPU_ON_FPGA/microaddress_counter.vhd Line: 40
Info (10041): Inferred latch for "next_call_stack[3][6]" at microaddress_counter.vhd(40) File: E:/AlteraPrj/VHDL/CPU_ON_FPGA/microaddress_counter.vhd Line: 40
Info (10041): Inferred latch for "next_call_stack[3][7]" at microaddress_counter.vhd(40) File: E:/AlteraPrj/VHDL/CPU_ON_FPGA/microaddress_counter.vhd Line: 40
Info (10041): Inferred latch for "next_call_stack[3][8]" at microaddress_counter.vhd(40) File: E:/AlteraPrj/VHDL/CPU_ON_FPGA/microaddress_counter.vhd Line: 40
Info (10041): Inferred latch for "next_call_stack[3][9]" at microaddress_counter.vhd(40) File: E:/AlteraPrj/VHDL/CPU_ON_FPGA/microaddress_counter.vhd Line: 40
Info (10041): Inferred latch for "next_call_stack[3][10]" at microaddress_counter.vhd(40) File: E:/AlteraPrj/VHDL/CPU_ON_FPGA/microaddress_counter.vhd Line: 40
Info (10041): Inferred latch for "next_call_stack[2][0]" at microaddress_counter.vhd(40) File: E:/AlteraPrj/VHDL/CPU_ON_FPGA/microaddress_counter.vhd Line: 40
Info (10041): Inferred latch for "next_call_stack[2][1]" at microaddress_counter.vhd(40) File: E:/AlteraPrj/VHDL/CPU_ON_FPGA/microaddress_counter.vhd Line: 40
Info (10041): Inferred latch for "next_call_stack[2][2]" at microaddress_counter.vhd(40) File: E:/AlteraPrj/VHDL/CPU_ON_FPGA/microaddress_counter.vhd Line: 40
Info (10041): Inferred latch for "next_call_stack[2][3]" at microaddress_counter.vhd(40) File: E:/AlteraPrj/VHDL/CPU_ON_FPGA/microaddress_counter.vhd Line: 40
Info (10041): Inferred latch for "next_call_stack[2][4]" at microaddress_counter.vhd(40) File: E:/AlteraPrj/VHDL/CPU_ON_FPGA/microaddress_counter.vhd Line: 40
Info (10041): Inferred latch for "next_call_stack[2][5]" at microaddress_counter.vhd(40) File: E:/AlteraPrj/VHDL/CPU_ON_FPGA/microaddress_counter.vhd Line: 40
Info (10041): Inferred latch for "next_call_stack[2][6]" at microaddress_counter.vhd(40) File: E:/AlteraPrj/VHDL/CPU_ON_FPGA/microaddress_counter.vhd Line: 40
Info (10041): Inferred latch for "next_call_stack[2][7]" at microaddress_counter.vhd(40) File: E:/AlteraPrj/VHDL/CPU_ON_FPGA/microaddress_counter.vhd Line: 40
Info (10041): Inferred latch for "next_call_stack[2][8]" at microaddress_counter.vhd(40) File: E:/AlteraPrj/VHDL/CPU_ON_FPGA/microaddress_counter.vhd Line: 40
Info (10041): Inferred latch for "next_call_stack[2][9]" at microaddress_counter.vhd(40) File: E:/AlteraPrj/VHDL/CPU_ON_FPGA/microaddress_counter.vhd Line: 40
Info (10041): Inferred latch for "next_call_stack[2][10]" at microaddress_counter.vhd(40) File: E:/AlteraPrj/VHDL/CPU_ON_FPGA/microaddress_counter.vhd Line: 40
Info (10041): Inferred latch for "next_call_stack[1][0]" at microaddress_counter.vhd(40) File: E:/AlteraPrj/VHDL/CPU_ON_FPGA/microaddress_counter.vhd Line: 40
Info (10041): Inferred latch for "next_call_stack[1][1]" at microaddress_counter.vhd(40) File: E:/AlteraPrj/VHDL/CPU_ON_FPGA/microaddress_counter.vhd Line: 40
Info (10041): Inferred latch for "next_call_stack[1][2]" at microaddress_counter.vhd(40) File: E:/AlteraPrj/VHDL/CPU_ON_FPGA/microaddress_counter.vhd Line: 40
Info (10041): Inferred latch for "next_call_stack[1][3]" at microaddress_counter.vhd(40) File: E:/AlteraPrj/VHDL/CPU_ON_FPGA/microaddress_counter.vhd Line: 40
Info (10041): Inferred latch for "next_call_stack[1][4]" at microaddress_counter.vhd(40) File: E:/AlteraPrj/VHDL/CPU_ON_FPGA/microaddress_counter.vhd Line: 40
Info (10041): Inferred latch for "next_call_stack[1][5]" at microaddress_counter.vhd(40) File: E:/AlteraPrj/VHDL/CPU_ON_FPGA/microaddress_counter.vhd Line: 40
Info (10041): Inferred latch for "next_call_stack[1][6]" at microaddress_counter.vhd(40) File: E:/AlteraPrj/VHDL/CPU_ON_FPGA/microaddress_counter.vhd Line: 40
Info (10041): Inferred latch for "next_call_stack[1][7]" at microaddress_counter.vhd(40) File: E:/AlteraPrj/VHDL/CPU_ON_FPGA/microaddress_counter.vhd Line: 40
Info (10041): Inferred latch for "next_call_stack[1][8]" at microaddress_counter.vhd(40) File: E:/AlteraPrj/VHDL/CPU_ON_FPGA/microaddress_counter.vhd Line: 40
Info (10041): Inferred latch for "next_call_stack[1][9]" at microaddress_counter.vhd(40) File: E:/AlteraPrj/VHDL/CPU_ON_FPGA/microaddress_counter.vhd Line: 40
Info (10041): Inferred latch for "next_call_stack[1][10]" at microaddress_counter.vhd(40) File: E:/AlteraPrj/VHDL/CPU_ON_FPGA/microaddress_counter.vhd Line: 40
Info (10041): Inferred latch for "next_call_stack[0][0]" at microaddress_counter.vhd(40) File: E:/AlteraPrj/VHDL/CPU_ON_FPGA/microaddress_counter.vhd Line: 40
Info (10041): Inferred latch for "next_call_stack[0][1]" at microaddress_counter.vhd(40) File: E:/AlteraPrj/VHDL/CPU_ON_FPGA/microaddress_counter.vhd Line: 40
Info (10041): Inferred latch for "next_call_stack[0][2]" at microaddress_counter.vhd(40) File: E:/AlteraPrj/VHDL/CPU_ON_FPGA/microaddress_counter.vhd Line: 40
Info (10041): Inferred latch for "next_call_stack[0][3]" at microaddress_counter.vhd(40) File: E:/AlteraPrj/VHDL/CPU_ON_FPGA/microaddress_counter.vhd Line: 40
Info (10041): Inferred latch for "next_call_stack[0][4]" at microaddress_counter.vhd(40) File: E:/AlteraPrj/VHDL/CPU_ON_FPGA/microaddress_counter.vhd Line: 40
Info (10041): Inferred latch for "next_call_stack[0][5]" at microaddress_counter.vhd(40) File: E:/AlteraPrj/VHDL/CPU_ON_FPGA/microaddress_counter.vhd Line: 40
Info (10041): Inferred latch for "next_call_stack[0][6]" at microaddress_counter.vhd(40) File: E:/AlteraPrj/VHDL/CPU_ON_FPGA/microaddress_counter.vhd Line: 40
Info (10041): Inferred latch for "next_call_stack[0][7]" at microaddress_counter.vhd(40) File: E:/AlteraPrj/VHDL/CPU_ON_FPGA/microaddress_counter.vhd Line: 40
Info (10041): Inferred latch for "next_call_stack[0][8]" at microaddress_counter.vhd(40) File: E:/AlteraPrj/VHDL/CPU_ON_FPGA/microaddress_counter.vhd Line: 40
Info (10041): Inferred latch for "next_call_stack[0][9]" at microaddress_counter.vhd(40) File: E:/AlteraPrj/VHDL/CPU_ON_FPGA/microaddress_counter.vhd Line: 40
Info (10041): Inferred latch for "next_call_stack[0][10]" at microaddress_counter.vhd(40) File: E:/AlteraPrj/VHDL/CPU_ON_FPGA/microaddress_counter.vhd Line: 40
Info (10041): Inferred latch for "next_call_stack_ptr[0]" at microaddress_counter.vhd(40) File: E:/AlteraPrj/VHDL/CPU_ON_FPGA/microaddress_counter.vhd Line: 40
Info (10041): Inferred latch for "next_call_stack_ptr[1]" at microaddress_counter.vhd(40) File: E:/AlteraPrj/VHDL/CPU_ON_FPGA/microaddress_counter.vhd Line: 40
Info (286030): Timing-Driven Synthesis is running
Info (16010): Generating hard_block partition "hard_block:auto_generated_inst"
    Info (16011): Adding 0 node(s), including 0 DDIO, 0 PLL, 0 transceiver and 0 LCELL
Info (21057): Implemented 188 device resources after synthesis - the final resource count might be different
    Info (21058): Implemented 29 input pins
    Info (21059): Implemented 11 output pins
    Info (21061): Implemented 148 logic cells
Info: Quartus Prime Analysis & Synthesis was successful. 0 errors, 14 warnings
    Info: Peak virtual memory: 4855 megabytes
    Info: Processing ended: Mon Oct 17 16:47:59 2022
    Info: Elapsed time: 00:00:18
    Info: Total CPU time (on all processors): 00:00:40


